This file contains any messages produced by compilers while
running configure, to aid debugging if configure makes a mistake.

It was created by vo-amrwbenc configure 0.1.3, which was
generated by GNU Autoconf 2.69.  Invocation command line was

  $ ./configure 

## --------- ##
## Platform. ##
## --------- ##

hostname = Grape-PC
uname -m = x86_64
uname -r = 2.6.0(0.304/5/3)
uname -s = MINGW64_NT-6.1
uname -v = 2016-09-07 20:45

/usr/bin/uname -p = unknown
/bin/uname -X     = unknown

/bin/arch              = x86_64
/usr/bin/arch -k       = unknown
/usr/convex/getsysinfo = unknown
/usr/bin/hostinfo      = unknown
/bin/machine           = unknown
/usr/bin/oslevel       = unknown
/bin/universe          = unknown

PATH: /mingw64/bin
PATH: /usr/local/bin
PATH: /usr/bin
PATH: /bin
PATH: /c/Windows/System32
PATH: /c/Windows
PATH: /c/Windows/System32/Wbem
PATH: /c/Windows/System32/WindowsPowerShell/v1.0/
PATH: /usr/bin/site_perl
PATH: /usr/bin/vendor_perl
PATH: /usr/bin/core_perl


## ----------- ##
## Core tests. ##
## ----------- ##

configure:2043: loading site script /mingw64/etc/config.site
| # This file is in public domain.
| # Original author: Karlson2k (Evgeny Grin)
| # Written for MSys2/MinGW64 to help running 'configure' scripts
| 
| # Defaults for MinGW64-targeted programs
| 
| # Set proper selfname on bash and fallback to default name on other shells
| test -n "${BASH_SOURCE}" 2>/dev/null && config_site_me="${BASH_SOURCE[0]##*/}" || config_site_me=config.site
| 
| # Set default 'host' to speedup configure
| if test -z "$build_alias"; then
|   build_alias="${MSYSTEM_CHOST-x86_64-w64-mingw32}" && \
|     $as_echo "$config_site_me:${as_lineno-$LINENO}: default build_alias set to $build_alias" >&5 
| fi
| 
| # Set default 'prefix' to "/mingw64"
| if ( test -z "$prefix" || test "x$prefix" = "xNONE" ) && \
|    ( test -z "$exec_prefix" || test "x$exec_prefix" = "xNONE" ); then
|   prefix="${MSYSTEM_PREFIX-/mingw64}" && \
|     $as_echo "$config_site_me:${as_lineno-$LINENO}: default prefix set to $prefix" >&5
| fi
config.site:13: default build_alias set to x86_64-w64-mingw32
config.site:20: default prefix set to /mingw64
configure:2185: checking for a BSD-compatible install
configure:2253: result: /usr/bin/install -c
configure:2264: checking whether build environment is sane
configure:2314: result: yes
configure:2455: checking for a thread-safe mkdir -p
configure:2494: result: /usr/bin/mkdir -p
configure:2507: checking for gawk
configure:2523: found /usr/bin/gawk
configure:2534: result: gawk
configure:2545: checking whether make sets $(MAKE)
configure:2567: result: yes
configure:2642: checking how to create a ustar tar archive
configure:2655: tar --version
./configure: line 2656: tar: command not found
configure:2658: $? = 127
configure:2655: gnutar --version
./configure: line 2656: gnutar: command not found
configure:2658: $? = 127
configure:2655: gtar --version
./configure: line 2656: gtar: command not found
configure:2658: $? = 127
configure:2698: tardir=conftest.dir && eval gtar --format=ustar -chf - "$tardir" >conftest.tar
./configure: line 2699: gtar: command not found
configure:2701: $? = 127
configure:2698: tardir=conftest.dir && eval tar chf - "$tardir" >conftest.tar
./configure: line 2699: tar: command not found
configure:2701: $? = 127
configure:2698: tardir=conftest.dir && eval pax -L -x ustar -w "$tardir" >conftest.tar
configure:2701: $? = 0
configure:2705: pax -r <conftest.tar
configure:2708: $? = 0
configure:2721: result: pax
configure:2739: checking whether make supports nested variables
configure:2756: result: yes
configure:2768: checking whether to enable maintainer-specific portions of Makefiles
configure:2777: result: no
configure:2850: checking for style of include used by make
configure:2878: result: GNU
configure:2949: checking for gcc
configure:2965: found /mingw64/bin/gcc
configure:2976: result: gcc
configure:3205: checking for C compiler version
configure:3214: gcc --version >&5
gcc.exe (Rev2, Built by MSYS2 project) 6.2.0
Copyright (C) 2016 Free Software Foundation, Inc.
This is free software; see the source for copying conditions.  There is NO
warranty; not even for MERCHANTABILITY or FITNESS FOR A PARTICULAR PURPOSE.

configure:3225: $? = 0
configure:3214: gcc -v >&5
Using built-in specs.
COLLECT_GCC=C:\msys64\mingw64\bin\gcc.exe
COLLECT_LTO_WRAPPER=C:/msys64/mingw64/bin/../lib/gcc/x86_64-w64-mingw32/6.2.0/lto-wrapper.exe
Target: x86_64-w64-mingw32
Configured with: ../gcc-6.2.0/configure --prefix=/mingw64 --with-local-prefix=/mingw64/local --build=x86_64-w64-mingw32 --host=x86_64-w64-mingw32 --target=x86_64-w64-mingw32 --with-native-system-header-dir=/mingw64/x86_64-w64-mingw32/include --libexecdir=/mingw64/lib --enable-bootstrap --with-arch=x86-64 --with-tune=generic --enable-languages=c,lto,c++,objc,obj-c++,fortran,ada --enable-shared --enable-static --enable-libatomic --enable-threads=posix --enable-graphite --enable-fully-dynamic-string --enable-libstdcxx-time=yes --disable-libstdcxx-pch --disable-libstdcxx-debug --disable-isl-version-check --enable-lto --enable-libgomp --disable-multilib --enable-checking=release --disable-rpath --disable-win32-registry --disable-nls --disable-werror --disable-symvers --with-libiconv --with-system-zlib --with-gmp=/mingw64 --with-mpfr=/mingw64 --with-mpc=/mingw64 --with-isl=/mingw64 --with-pkgversion='Rev2, Built by MSYS2 project' --with-bugurl=https://sourceforge.net/projects/msys2 --with-gnu-as --with-gnu-ld
Thread model: posix
gcc version 6.2.0 (Rev2, Built by MSYS2 project) 
configure:3225: $? = 0
configure:3214: gcc -V >&5
gcc.exe: error: unrecognized command line option '-V'
gcc.exe: fatal error: no input files
compilation terminated.
configure:3225: $? = 1
configure:3214: gcc -qversion >&5
gcc.exe: error: unrecognized command line option '-qversion'; did you mean '--version'?
gcc.exe: fatal error: no input files
compilation terminated.
configure:3225: $? = 1
configure:3245: checking whether the C compiler works
configure:3267: gcc    conftest.c  >&5
configure:3271: $? = 0
configure:3319: result: yes
configure:3322: checking for C compiler default output file name
configure:3324: result: a.exe
configure:3330: checking for suffix of executables
configure:3337: gcc -o conftest.exe    conftest.c  >&5
configure:3341: $? = 0
configure:3363: result: .exe
configure:3385: checking whether we are cross compiling
configure:3393: gcc -o conftest.exe    conftest.c  >&5
configure:3397: $? = 0
configure:3404: ./conftest.exe
configure:3408: $? = 0
configure:3423: result: no
configure:3428: checking for suffix of object files
configure:3450: gcc -c   conftest.c >&5
configure:3454: $? = 0
configure:3475: result: o
configure:3479: checking whether we are using the GNU C compiler
configure:3498: gcc -c   conftest.c >&5
configure:3498: $? = 0
configure:3507: result: yes
configure:3516: checking whether gcc accepts -g
configure:3536: gcc -c -g  conftest.c >&5
configure:3536: $? = 0
configure:3577: result: yes
configure:3594: checking for gcc option to accept ISO C89
configure:3657: gcc  -c -g -O2  conftest.c >&5
configure:3657: $? = 0
configure:3670: result: none needed
configure:3692: checking dependency style of gcc
configure:3803: result: gcc3
configure:3827: checking dependency style of gcc
configure:3936: result: gcc3
configure:3951: checking for gcc option to accept ISO C99
configure:4100: gcc  -c -g -O2  conftest.c >&5
configure:4100: $? = 0
configure:4113: result: none needed
configure:4158: checking build system type
configure:4172: result: x86_64-w64-mingw32
configure:4192: checking host system type
configure:4205: result: x86_64-w64-mingw32
configure:4246: checking how to print strings
configure:4273: result: printf
configure:4294: checking for a sed that does not truncate output
configure:4358: result: /usr/bin/sed
configure:4376: checking for grep that handles long lines and -e
configure:4434: result: /usr/bin/grep
configure:4439: checking for egrep
configure:4501: result: /usr/bin/grep -E
configure:4506: checking for fgrep
configure:4568: result: /usr/bin/grep -F
configure:4603: checking for ld used by gcc
configure:4670: result: C:/msys64/mingw64/x86_64-w64-mingw32/bin/ld.exe
configure:4677: checking if the linker (C:/msys64/mingw64/x86_64-w64-mingw32/bin/ld.exe) is GNU ld
configure:4692: result: yes
configure:4704: checking for BSD- or MS-compatible name lister (nm)
configure:4753: result: /mingw64/bin/nm -B
configure:4883: checking the name lister (/mingw64/bin/nm -B) interface
configure:4890: gcc -c -g -O2  conftest.c >&5
configure:4893: /mingw64/bin/nm -B "conftest.o"
configure:4896: output
0000000000000000 b .bss
0000000000000000 d .data
0000000000000000 N .debug_abbrev
0000000000000000 N .debug_aranges
0000000000000000 N .debug_info
0000000000000000 N .debug_line
0000000000000000 r .rdata$zzz
0000000000000000 t .text
0000000000000000 B some_variable
configure:4903: result: BSD nm
configure:4906: checking whether ln -s works
configure:4913: result: no, using cp -pR
configure:4918: checking the maximum length of command line arguments
configure:5048: result: 8192
configure:5065: checking whether the shell understands some XSI constructs
configure:5075: result: yes
configure:5079: checking whether the shell understands "+="
configure:5085: result: yes
configure:5120: checking how to convert x86_64-w64-mingw32 file names to x86_64-w64-mingw32 format
configure:5160: result: func_convert_file_msys_to_w32
configure:5167: checking how to convert x86_64-w64-mingw32 file names to toolchain format
configure:5187: result: func_convert_file_msys_to_w32
configure:5194: checking for C:/msys64/mingw64/x86_64-w64-mingw32/bin/ld.exe option to reload object files
configure:5201: result: -r
configure:5275: checking for objdump
configure:5291: found /mingw64/bin/objdump
configure:5302: result: objdump
configure:5334: checking how to recognize dependent libraries
configure:5532: result: file_magic ^x86 archive import|^x86 DLL
configure:5617: checking for dlltool
configure:5633: found /mingw64/bin/dlltool
configure:5644: result: dlltool
configure:5677: checking how to associate runtime and link libraries
configure:5704: result: func_cygming_dll_for_implib
configure:5765: checking for ar
configure:5781: found /mingw64/bin/ar
configure:5792: result: ar
configure:5829: checking for archiver @FILE support
configure:5846: gcc -c -g -O2  conftest.c >&5
configure:5846: $? = 0
configure:5849: ar cru libconftest.a @conftest.lst >&5
configure:5852: $? = 0
configure:5857: ar cru libconftest.a @conftest.lst >&5
C:\msys64\mingw64\bin\ar.exe: conftest.o: No such file or directory
configure:5860: $? = 1
configure:5872: result: @
configure:5930: checking for strip
configure:5946: found /mingw64/bin/strip
configure:5957: result: strip
configure:6029: checking for ranlib
configure:6045: found /mingw64/bin/ranlib
configure:6056: result: ranlib
configure:6158: checking command to parse /mingw64/bin/nm -B output from gcc object
configure:6278: gcc -c -g -O2  conftest.c >&5
configure:6281: $? = 0
configure:6285: /mingw64/bin/nm -B conftest.o \| sed -n -e 's/^.*[ ]\([ABCDGIRSTW][ABCDGIRSTW]*\)[ ][ ]*\([_A-Za-z][_A-Za-z0-9]*\)\{0,1\}$/\1 \2 \2/p' | sed '/ __gnu_lto/d' \> conftest.nm
configure:6288: $? = 0
configure:6354: gcc -o conftest.exe -g -O2   conftest.c conftstm.o >&5
configure:6357: $? = 0
configure:6395: result: ok
configure:6432: checking for sysroot
configure:6462: result: no
configure:6718: checking for mt
configure:6748: result: no
configure:6768: checking if : is a manifest tool
configure:6774: : '-?'
configure:6782: result: no
configure:7424: checking how to run the C preprocessor
configure:7455: gcc -E  conftest.c
configure:7455: $? = 0
configure:7469: gcc -E  conftest.c
conftest.c:11:28: fatal error: ac_nonexistent.h: No such file or directory
 #include <ac_nonexistent.h>
                            ^
compilation terminated.
configure:7469: $? = 1
configure: failed program was:
| /* confdefs.h */
| #define PACKAGE_NAME "vo-amrwbenc"
| #define PACKAGE_TARNAME "vo-amrwbenc"
| #define PACKAGE_VERSION "0.1.3"
| #define PACKAGE_STRING "vo-amrwbenc 0.1.3"
| #define PACKAGE_BUGREPORT "http://sourceforge.net/projects/opencore-amr/"
| #define PACKAGE_URL ""
| #define PACKAGE "vo-amrwbenc"
| #define VERSION "0.1.3"
| /* end confdefs.h.  */
| #include <ac_nonexistent.h>
configure:7494: result: gcc -E
configure:7514: gcc -E  conftest.c
configure:7514: $? = 0
configure:7528: gcc -E  conftest.c
conftest.c:11:28: fatal error: ac_nonexistent.h: No such file or directory
 #include <ac_nonexistent.h>
                            ^
compilation terminated.
configure:7528: $? = 1
configure: failed program was:
| /* confdefs.h */
| #define PACKAGE_NAME "vo-amrwbenc"
| #define PACKAGE_TARNAME "vo-amrwbenc"
| #define PACKAGE_VERSION "0.1.3"
| #define PACKAGE_STRING "vo-amrwbenc 0.1.3"
| #define PACKAGE_BUGREPORT "http://sourceforge.net/projects/opencore-amr/"
| #define PACKAGE_URL ""
| #define PACKAGE "vo-amrwbenc"
| #define VERSION "0.1.3"
| /* end confdefs.h.  */
| #include <ac_nonexistent.h>
configure:7557: checking for ANSI C header files
configure:7577: gcc -c -g -O2  conftest.c >&5
configure:7577: $? = 0
conftest.c:12:0: fatal error: when writing output to : Invalid argument
 
 
compilation terminated.
conftest.c:12:0: fatal error: when writing output to : No such file or directory
 
 
compilation terminated.
configure:7650: gcc -o conftest.exe -g -O2   conftest.c  >&5
configure:7650: $? = 0
configure:7650: ./conftest.exe
configure:7650: $? = 0
configure:7661: result: yes
configure:7674: checking for sys/types.h
configure:7674: gcc -c -g -O2  conftest.c >&5
configure:7674: $? = 0
configure:7674: result: yes
configure:7674: checking for sys/stat.h
configure:7674: gcc -c -g -O2  conftest.c >&5
configure:7674: $? = 0
configure:7674: result: yes
configure:7674: checking for stdlib.h
configure:7674: gcc -c -g -O2  conftest.c >&5
configure:7674: $? = 0
configure:7674: result: yes
configure:7674: checking for string.h
configure:7674: gcc -c -g -O2  conftest.c >&5
configure:7674: $? = 0
configure:7674: result: yes
configure:7674: checking for memory.h
configure:7674: gcc -c -g -O2  conftest.c >&5
configure:7674: $? = 0
configure:7674: result: yes
configure:7674: checking for strings.h
configure:7674: gcc -c -g -O2  conftest.c >&5
configure:7674: $? = 0
configure:7674: result: yes
configure:7674: checking for inttypes.h
configure:7674: gcc -c -g -O2  conftest.c >&5
configure:7674: $? = 0
configure:7674: result: yes
configure:7674: checking for stdint.h
configure:7674: gcc -c -g -O2  conftest.c >&5
configure:7674: $? = 0
configure:7674: result: yes
configure:7674: checking for unistd.h
configure:7674: gcc -c -g -O2  conftest.c >&5
configure:7674: $? = 0
configure:7674: result: yes
configure:7688: checking for dlfcn.h
configure:7688: gcc -c -g -O2  conftest.c >&5
conftest.c:55:19: fatal error: dlfcn.h: No such file or directory
 #include <dlfcn.h>
                   ^
compilation terminated.
configure:7688: $? = 1
configure: failed program was:
| /* confdefs.h */
| #define PACKAGE_NAME "vo-amrwbenc"
| #define PACKAGE_TARNAME "vo-amrwbenc"
| #define PACKAGE_VERSION "0.1.3"
| #define PACKAGE_STRING "vo-amrwbenc 0.1.3"
| #define PACKAGE_BUGREPORT "http://sourceforge.net/projects/opencore-amr/"
| #define PACKAGE_URL ""
| #define PACKAGE "vo-amrwbenc"
| #define VERSION "0.1.3"
| #define STDC_HEADERS 1
| #define HAVE_SYS_TYPES_H 1
| #define HAVE_SYS_STAT_H 1
| #define HAVE_STDLIB_H 1
| #define HAVE_STRING_H 1
| #define HAVE_MEMORY_H 1
| #define HAVE_STRINGS_H 1
| #define HAVE_INTTYPES_H 1
| #define HAVE_STDINT_H 1
| #define HAVE_UNISTD_H 1
| /* end confdefs.h.  */
| #include <stdio.h>
| #ifdef HAVE_SYS_TYPES_H
| # include <sys/types.h>
| #endif
| #ifdef HAVE_SYS_STAT_H
| # include <sys/stat.h>
| #endif
| #ifdef STDC_HEADERS
| # include <stdlib.h>
| # include <stddef.h>
| #else
| # ifdef HAVE_STDLIB_H
| #  include <stdlib.h>
| # endif
| #endif
| #ifdef HAVE_STRING_H
| # if !defined STDC_HEADERS && defined HAVE_MEMORY_H
| #  include <memory.h>
| # endif
| # include <string.h>
| #endif
| #ifdef HAVE_STRINGS_H
| # include <strings.h>
| #endif
| #ifdef HAVE_INTTYPES_H
| # include <inttypes.h>
| #endif
| #ifdef HAVE_STDINT_H
| # include <stdint.h>
| #endif
| #ifdef HAVE_UNISTD_H
| # include <unistd.h>
| #endif
| 
| #include <dlfcn.h>
configure:7688: result: no
configure:7894: checking for objdir
configure:7909: result: .libs
configure:8180: checking if gcc supports -fno-rtti -fno-exceptions
configure:8198: gcc -c -g -O2  -fno-rtti -fno-exceptions conftest.c >&5
cc1.exe: warning: command line option '-fno-rtti' is valid for C++/ObjC++ but not for C
configure:8202: $? = 0
configure:8215: result: no
configure:8542: checking for gcc option to produce PIC
configure:8549: result: -DDLL_EXPORT -DPIC
configure:8557: checking if gcc PIC flag -DDLL_EXPORT -DPIC works
configure:8575: gcc -c -g -O2  -DDLL_EXPORT -DPIC -DPIC conftest.c >&5
configure:8579: $? = 0
configure:8592: result: yes
configure:8621: checking if gcc static flag -static works
configure:8649: result: yes
configure:8664: checking if gcc supports -c -o file.o
configure:8685: gcc -c -g -O2  -o out/conftest2.o conftest.c >&5
configure:8689: $? = 0
configure:8711: result: yes
configure:8719: checking if gcc supports -c -o file.o
configure:8766: result: yes
configure:8799: checking whether the gcc linker (C:/msys64/mingw64/x86_64-w64-mingw32/bin/ld.exe) supports shared libraries
configure:9956: result: yes
configure:9993: checking whether -lc should be explicitly linked in
configure:10001: gcc -c -g -O2  conftest.c >&5
configure:10004: $? = 0
configure:10019: gcc -shared conftest.o  -v -o ./conftest -Wl,--enable-auto-image-base -Xlinker --out-implib -Xlinker conftest 2\>\&1 \| /usr/bin/grep  -lc  \>/dev/null 2\>\&1
configure:10022: $? = 1
configure:10036: result: yes
configure:10196: checking dynamic linker characteristics
configure:10930: result: Win32 ld.exe
configure:11037: checking how to hardcode library paths into programs
configure:11062: result: immediate
configure:11602: checking whether stripping libraries is possible
configure:11607: result: yes
configure:11642: checking if libtool supports shared libraries
configure:11644: result: yes
configure:11647: checking whether to build shared libraries
configure:11668: result: yes
configure:11671: checking whether to build static libraries
configure:11675: result: yes
configure:11904: creating ./config.status

## ---------------------- ##
## Running config.status. ##
## ---------------------- ##

This file was extended by vo-amrwbenc config.status 0.1.3, which was
generated by GNU Autoconf 2.69.  Invocation command line was

  CONFIG_FILES    = 
  CONFIG_HEADERS  = 
  CONFIG_LINKS    = 
  CONFIG_COMMANDS = 
  $ ./config.status 

on Grape-PC

config.status:1032: creating Makefile
config.status:1032: creating vo-amrwbenc.pc
config.status:1204: executing depfiles commands
config.status:1204: executing libtool commands

## ---------------- ##
## Cache variables. ##
## ---------------- ##

ac_cv_build=x86_64-w64-mingw32
ac_cv_c_compiler_gnu=yes
ac_cv_env_CCASFLAGS_set=
ac_cv_env_CCASFLAGS_value=
ac_cv_env_CCAS_set=
ac_cv_env_CCAS_value=
ac_cv_env_CC_set=
ac_cv_env_CC_value=
ac_cv_env_CFLAGS_set=
ac_cv_env_CFLAGS_value=
ac_cv_env_CPPFLAGS_set=
ac_cv_env_CPPFLAGS_value=
ac_cv_env_CPP_set=
ac_cv_env_CPP_value=
ac_cv_env_LDFLAGS_set=
ac_cv_env_LDFLAGS_value=
ac_cv_env_LIBS_set=
ac_cv_env_LIBS_value=
ac_cv_env_build_alias_set=
ac_cv_env_build_alias_value=
ac_cv_env_host_alias_set=
ac_cv_env_host_alias_value=
ac_cv_env_target_alias_set=
ac_cv_env_target_alias_value=
ac_cv_exeext=.exe
ac_cv_header_dlfcn_h=no
ac_cv_header_inttypes_h=yes
ac_cv_header_memory_h=yes
ac_cv_header_stdc=yes
ac_cv_header_stdint_h=yes
ac_cv_header_stdlib_h=yes
ac_cv_header_string_h=yes
ac_cv_header_strings_h=yes
ac_cv_header_sys_stat_h=yes
ac_cv_header_sys_types_h=yes
ac_cv_header_unistd_h=yes
ac_cv_host=x86_64-w64-mingw32
ac_cv_objext=o
ac_cv_path_EGREP='/usr/bin/grep -E'
ac_cv_path_FGREP='/usr/bin/grep -F'
ac_cv_path_GREP=/usr/bin/grep
ac_cv_path_SED=/usr/bin/sed
ac_cv_path_install='/usr/bin/install -c'
ac_cv_path_mkdir=/usr/bin/mkdir
ac_cv_prog_AWK=gawk
ac_cv_prog_CPP='gcc -E'
ac_cv_prog_ac_ct_AR=ar
ac_cv_prog_ac_ct_CC=gcc
ac_cv_prog_ac_ct_DLLTOOL=dlltool
ac_cv_prog_ac_ct_OBJDUMP=objdump
ac_cv_prog_ac_ct_RANLIB=ranlib
ac_cv_prog_ac_ct_STRIP=strip
ac_cv_prog_cc_c89=
ac_cv_prog_cc_c99=
ac_cv_prog_cc_g=yes
ac_cv_prog_make_make_set=yes
am_cv_CCAS_dependencies_compiler_type=gcc3
am_cv_CC_dependencies_compiler_type=gcc3
am_cv_make_support_nested_variables=yes
am_cv_prog_tar_ustar=pax
lt_cv_ar_at_file=@
lt_cv_archive_cmds_need_lc=yes
lt_cv_deplibs_check_method='file_magic ^x86 archive import|^x86 DLL'
lt_cv_file_magic_cmd=func_win32_libid
lt_cv_file_magic_test_file=
lt_cv_ld_reload_flag=-r
lt_cv_nm_interface='BSD nm'
lt_cv_objdir=.libs
lt_cv_path_LD=C:/msys64/mingw64/x86_64-w64-mingw32/bin/ld.exe
lt_cv_path_NM='/mingw64/bin/nm -B'
lt_cv_path_mainfest_tool=no
lt_cv_prog_compiler_c_o=yes
lt_cv_prog_compiler_pic='-DDLL_EXPORT -DPIC'
lt_cv_prog_compiler_pic_works=yes
lt_cv_prog_compiler_rtti_exceptions=no
lt_cv_prog_compiler_static_works=yes
lt_cv_prog_gnu_ld=yes
lt_cv_sharedlib_from_linklib_cmd=func_cygming_dll_for_implib
lt_cv_sys_global_symbol_pipe='sed -n -e '\''s/^.*[	 ]\([ABCDGIRSTW][ABCDGIRSTW]*\)[	 ][	 ]*\([_A-Za-z][_A-Za-z0-9]*\)\{0,1\}$/\1 \2 \2/p'\'' | sed '\''/ __gnu_lto/d'\'''
lt_cv_sys_global_symbol_to_c_name_address='sed -n -e '\''s/^: \([^ ]*\)[ ]*$/  {\"\1\", (void *) 0},/p'\'' -e '\''s/^[ABCDGIRSTW]* \([^ ]*\) \([^ ]*\)$/  {"\2", (void *) \&\2},/p'\'''
lt_cv_sys_global_symbol_to_c_name_address_lib_prefix='sed -n -e '\''s/^: \([^ ]*\)[ ]*$/  {\"\1\", (void *) 0},/p'\'' -e '\''s/^[ABCDGIRSTW]* \([^ ]*\) \(lib[^ ]*\)$/  {"\2", (void *) \&\2},/p'\'' -e '\''s/^[ABCDGIRSTW]* \([^ ]*\) \([^ ]*\)$/  {"lib\2", (void *) \&\2},/p'\'''
lt_cv_sys_global_symbol_to_cdecl='sed -n -e '\''s/^T .* \(.*\)$/extern int \1();/p'\'' -e '\''s/^[ABCDGIRSTW]* .* \(.*\)$/extern char \1;/p'\'''
lt_cv_sys_max_cmd_len=8192
lt_cv_to_host_file_cmd=func_convert_file_msys_to_w32
lt_cv_to_tool_file_cmd=func_convert_file_msys_to_w32

## ----------------- ##
## Output variables. ##
## ----------------- ##

ACLOCAL='${SHELL} /d/HOME/AMR_Codec/vo-amrwbenc-0.1.3/missing --run aclocal-1.11'
AMDEPBACKSLASH='\'
AMDEP_FALSE='#'
AMDEP_TRUE=''
AMTAR='$${TAR-tar}'
AM_BACKSLASH='\'
AM_DEFAULT_V='$(AM_DEFAULT_VERBOSITY)'
AM_DEFAULT_VERBOSITY='0'
AM_V='$(V)'
AR='ar'
ARMV5E_FALSE=''
ARMV5E_TRUE='#'
ARMV7NEON_FALSE=''
ARMV7NEON_TRUE='#'
AUTOCONF='${SHELL} /d/HOME/AMR_Codec/vo-amrwbenc-0.1.3/missing --run autoconf'
AUTOHEADER='${SHELL} /d/HOME/AMR_Codec/vo-amrwbenc-0.1.3/missing --run autoheader'
AUTOMAKE='${SHELL} /d/HOME/AMR_Codec/vo-amrwbenc-0.1.3/missing --run automake-1.11'
AWK='gawk'
CC='gcc'
CCAS='gcc'
CCASDEPMODE='depmode=gcc3'
CCASFLAGS='-g -O2'
CCDEPMODE='depmode=gcc3'
CFLAGS='-g -O2'
CPP='gcc -E'
CPPFLAGS=''
CYGPATH_W='cygpath -w'
DEFS='-DPACKAGE_NAME=\"vo-amrwbenc\" -DPACKAGE_TARNAME=\"vo-amrwbenc\" -DPACKAGE_VERSION=\"0.1.3\" -DPACKAGE_STRING=\"vo-amrwbenc\ 0.1.3\" -DPACKAGE_BUGREPORT=\"http://sourceforge.net/projects/opencore-amr/\" -DPACKAGE_URL=\"\" -DPACKAGE=\"vo-amrwbenc\" -DVERSION=\"0.1.3\" -DSTDC_HEADERS=1 -DHAVE_SYS_TYPES_H=1 -DHAVE_SYS_STAT_H=1 -DHAVE_STDLIB_H=1 -DHAVE_STRING_H=1 -DHAVE_MEMORY_H=1 -DHAVE_STRINGS_H=1 -DHAVE_INTTYPES_H=1 -DHAVE_STDINT_H=1 -DHAVE_UNISTD_H=1 -DLT_OBJDIR=\".libs/\"'
DEPDIR='.deps'
DLLTOOL='dlltool'
DSYMUTIL=''
DUMPBIN=''
ECHO_C=''
ECHO_N='-n'
ECHO_T=''
EGREP='/usr/bin/grep -E'
EXAMPLE_FALSE=''
EXAMPLE_TRUE='#'
EXEEXT='.exe'
FGREP='/usr/bin/grep -F'
GREP='/usr/bin/grep'
INSTALL_DATA='${INSTALL} -m 644'
INSTALL_PROGRAM='${INSTALL}'
INSTALL_SCRIPT='${INSTALL}'
INSTALL_STRIP_PROGRAM='$(install_sh) -c -s'
LD='C:/msys64/mingw64/x86_64-w64-mingw32/bin/ld.exe'
LDFLAGS=''
LIBOBJS=''
LIBS=''
LIBTOOL='$(SHELL) $(top_builddir)/libtool'
LIPO=''
LN_S='cp -pR'
LTLIBOBJS=''
MAINT='#'
MAINTAINER_MODE_FALSE=''
MAINTAINER_MODE_TRUE='#'
MAKEINFO='${SHELL} /d/HOME/AMR_Codec/vo-amrwbenc-0.1.3/missing --run makeinfo'
MANIFEST_TOOL=':'
MKDIR_P='/usr/bin/mkdir -p'
NM='/mingw64/bin/nm -B'
NMEDIT=''
OBJDUMP='objdump'
OBJEXT='o'
OTOOL64=''
OTOOL=''
PACKAGE='vo-amrwbenc'
PACKAGE_BUGREPORT='http://sourceforge.net/projects/opencore-amr/'
PACKAGE_NAME='vo-amrwbenc'
PACKAGE_STRING='vo-amrwbenc 0.1.3'
PACKAGE_TARNAME='vo-amrwbenc'
PACKAGE_URL=''
PACKAGE_VERSION='0.1.3'
PATH_SEPARATOR=':'
RANLIB='ranlib'
SED='/usr/bin/sed'
SET_MAKE=''
SHELL='/bin/sh'
STRIP='strip'
VERSION='0.1.3'
VO_AMRWBENC_VERSION='0:4:0'
ac_ct_AR='ar'
ac_ct_CC='gcc'
ac_ct_DUMPBIN=''
am__EXEEXT_FALSE='#'
am__EXEEXT_TRUE=''
am__fastdepCCAS_FALSE='#'
am__fastdepCCAS_TRUE=''
am__fastdepCC_FALSE='#'
am__fastdepCC_TRUE=''
am__include='include'
am__isrc=''
am__leading_dot='.'
am__nodep='_no'
am__quote=''
am__tar='pax -L -x ustar -w "$$tardir"'
am__untar='pax -r'
bindir='${exec_prefix}/bin'
build='x86_64-w64-mingw32'
build_alias='x86_64-w64-mingw32'
build_cpu='x86_64'
build_os='mingw32'
build_vendor='w64'
datadir='${datarootdir}'
datarootdir='${prefix}/share'
docdir='${datarootdir}/doc/${PACKAGE_TARNAME}'
dvidir='${docdir}'
exec_prefix='${prefix}'
host='x86_64-w64-mingw32'
host_alias=''
host_cpu='x86_64'
host_os='mingw32'
host_vendor='w64'
htmldir='${docdir}'
includedir='${prefix}/include'
infodir='${datarootdir}/info'
install_sh='${SHELL} /d/HOME/AMR_Codec/vo-amrwbenc-0.1.3/install-sh'
libdir='${exec_prefix}/lib'
libexecdir='${exec_prefix}/libexec'
localedir='${datarootdir}/locale'
localstatedir='${prefix}/var'
mandir='${datarootdir}/man'
mkdir_p='/usr/bin/mkdir -p'
oldincludedir='/usr/include'
pdfdir='${docdir}'
prefix='/mingw64'
program_transform_name='s,x,x,'
psdir='${docdir}'
sbindir='${exec_prefix}/sbin'
sharedstatedir='${prefix}/com'
sysconfdir='${prefix}/etc'
target_alias=''

## ----------- ##
## confdefs.h. ##
## ----------- ##

/* confdefs.h */
#define PACKAGE_NAME "vo-amrwbenc"
#define PACKAGE_TARNAME "vo-amrwbenc"
#define PACKAGE_VERSION "0.1.3"
#define PACKAGE_STRING "vo-amrwbenc 0.1.3"
#define PACKAGE_BUGREPORT "http://sourceforge.net/projects/opencore-amr/"
#define PACKAGE_URL ""
#define PACKAGE "vo-amrwbenc"
#define VERSION "0.1.3"
#define STDC_HEADERS 1
#define HAVE_SYS_TYPES_H 1
#define HAVE_SYS_STAT_H 1
#define HAVE_STDLIB_H 1
#define HAVE_STRING_H 1
#define HAVE_MEMORY_H 1
#define HAVE_STRINGS_H 1
#define HAVE_INTTYPES_H 1
#define HAVE_STDINT_H 1
#define HAVE_UNISTD_H 1
#define LT_OBJDIR ".libs/"

configure: exit 0
